1511951403593	geckodriver	INFO	geckodriver 0.19.1
1511951403600	geckodriver	INFO	Listening on 127.0.0.1:34678
1511951404715	mozrunner::runner	INFO	Running command: "/usr/bin/firefox" "-marionette" "-profile" "/tmp/rust_mozprofile.vOOrDP5pwNi4"

(firefox:14315): Gtk-WARNING **: Theme parsing error: gtk-widgets.css:994:1: '/*' in comment block

(firefox:14315): Gtk-WARNING **: Theme parsing error: gtk-widgets.css:2055:42: 'from' is not a valid property name

(firefox:14315): GLib-GObject-CRITICAL **: g_object_ref: assertion 'object->ref_count > 0' failed

(firefox:14315): GLib-GObject-CRITICAL **: g_object_unref: assertion 'object->ref_count > 0' failed

(firefox:14315): GLib-GObject-CRITICAL **: g_object_ref: assertion 'object->ref_count > 0' failed

(firefox:14315): GLib-GObject-CRITICAL **: g_object_unref: assertion 'object->ref_count > 0' failed

(firefox:14315): Gtk-WARNING **: Theme directory place/72 of theme MBuntu-OSX has no size field

1511951405719	Marionette	INFO	Listening on port 2828

(/usr/lib/firefox/plugin-container:14379): Gtk-WARNING **: Theme parsing error: gtk-widgets.css:994:1: '/*' in comment block

(/usr/lib/firefox/plugin-container:14379): Gtk-WARNING **: Theme parsing error: gtk-widgets.css:2055:42: 'from' is not a valid property name

(/usr/lib/firefox/plugin-container:14379): GLib-GObject-CRITICAL **: g_object_ref: assertion 'object->ref_count > 0' failed

(/usr/lib/firefox/plugin-container:14379): GLib-GObject-CRITICAL **: g_object_unref: assertion 'object->ref_count > 0' failed

(/usr/lib/firefox/plugin-container:14379): GLib-GObject-CRITICAL **: g_object_ref: assertion 'object->ref_count > 0' failed

(/usr/lib/firefox/plugin-container:14379): GLib-GObject-CRITICAL **: g_object_unref: assertion 'object->ref_count > 0' failed

(firefox:14315): GLib-GObject-CRITICAL **: g_object_ref: assertion 'object->ref_count > 0' failed

(firefox:14315): GLib-GObject-CRITICAL **: g_object_unref: assertion 'object->ref_count > 0' failed
1511951493793	geckodriver	INFO	geckodriver 0.19.1
1511951493796	geckodriver	INFO	Listening on 127.0.0.1:40776
1511951494931	mozrunner::runner	INFO	Running command: "/usr/bin/firefox" "-marionette" "-profile" "/tmp/rust_mozprofile.swTJvDGZoohw"

(firefox:14445): Gtk-WARNING **: Theme parsing error: gtk-widgets.css:994:1: '/*' in comment block

(firefox:14445): Gtk-WARNING **: Theme parsing error: gtk-widgets.css:2055:42: 'from' is not a valid property name

(firefox:14445): GLib-GObject-CRITICAL **: g_object_ref: assertion 'object->ref_count > 0' failed

(firefox:14445): GLib-GObject-CRITICAL **: g_object_unref: assertion 'object->ref_count > 0' failed

(firefox:14445): GLib-GObject-CRITICAL **: g_object_ref: assertion 'object->ref_count > 0' failed

(firefox:14445): GLib-GObject-CRITICAL **: g_object_unref: assertion 'object->ref_count > 0' failed

(firefox:14445): Gtk-WARNING **: Theme directory place/72 of theme MBuntu-OSX has no size field

1511951495712	Marionette	INFO	Listening on port 2828

(/usr/lib/firefox/plugin-container:14511): Gtk-WARNING **: Theme parsing error: gtk-widgets.css:994:1: '/*' in comment block

(/usr/lib/firefox/plugin-container:14511): Gtk-WARNING **: Theme parsing error: gtk-widgets.css:2055:42: 'from' is not a valid property name

(/usr/lib/firefox/plugin-container:14511): GLib-GObject-CRITICAL **: g_object_ref: assertion 'object->ref_count > 0' failed

(/usr/lib/firefox/plugin-container:14511): GLib-GObject-CRITICAL **: g_object_unref: assertion 'object->ref_count > 0' failed

(/usr/lib/firefox/plugin-container:14511): GLib-GObject-CRITICAL **: g_object_ref: assertion 'object->ref_count > 0' failed

(/usr/lib/firefox/plugin-container:14511): GLib-GObject-CRITICAL **: g_object_unref: assertion 'object->ref_count > 0' failed

(firefox:14445): GLib-GObject-CRITICAL **: g_object_ref: assertion 'object->ref_count > 0' failed

(firefox:14445): GLib-GObject-CRITICAL **: g_object_unref: assertion 'object->ref_count > 0' failed
